  CREATE_STREAM @180 {NAME:seq T:Transactions SCOPE:uvm_test_top.env.agent.sqcr STREAM:637}
  CREATE_STREAM @180 {NAME:seq T:Transactions SCOPE:uvm_test_top.env.agent.sqcr STREAM:637}
  CREATE_STREAM @180 {NAME:seq T:Transactions SCOPE:uvm_test_top.env.agent.sqcr STREAM:637}
  CREATE_STREAM @180 {NAME:seq T:Transactions SCOPE:uvm_test_top.env.agent.sqcr STREAM:637}
  CREATE_STREAM @180 {NAME:seq T:Transactions SCOPE:uvm_test_top.env.agent.sqcr STREAM:637}
  CREATE_STREAM @180 {NAME:seq T:Transactions SCOPE:uvm_test_top.env.agent.sqcr STREAM:637}
  CREATE_STREAM @180 {NAME:seq T:Transactions SCOPE:uvm_test_top.env.agent.sqcr STREAM:637}
  CREATE_STREAM @180000 {NAME:seq T:Transactions SCOPE:uvm_test_top.env.agent.sqcr STREAM:637}
  CREATE_STREAM @180000 {NAME:seq T:Transactions SCOPE:uvm_test_top.env.agent.sqcr STREAM:637}
  CREATE_STREAM @180000 {NAME:seq T:Transactions SCOPE:uvm_test_top.env.agent.sqcr STREAM:637}
  CREATE_STREAM @180000 {NAME:seq T:Transactions SCOPE:uvm_test_top.env.agent.sqcr STREAM:637}
  CREATE_STREAM @180000 {NAME:seq T:Transactions SCOPE:uvm_test_top.env.agent.sqcr STREAM:637}
  CREATE_STREAM @180000 {NAME:seq T:Transactions SCOPE:uvm_test_top.env.agent.sqcr STREAM:637}
  CREATE_STREAM @180000 {NAME:seq T:Transactions SCOPE:uvm_test_top.env.agent.sqcr STREAM:637}
  CREATE_STREAM @180000 {NAME:seq T:Transactions SCOPE:uvm_test_top.env.agent.sqcr STREAM:637}
  CREATE_STREAM @180 {NAME:seq T:Transactions SCOPE:uvm_test_top.env.agent.sqcr STREAM:635}
  CREATE_STREAM @180000 {NAME:seq T:Transactions SCOPE:uvm_test_top.env.agent.sqcr STREAM:637}
  CREATE_STREAM @180000 {NAME:seq T:Transactions SCOPE:uvm_test_top.env.agent.sqcr STREAM:637}
  CREATE_STREAM @180000 {NAME:seq T:Transactions SCOPE:uvm_test_top.env.agent.sqcr STREAM:637}
  CREATE_STREAM @180 {NAME:seq T:Transactions SCOPE:uvm_test_top.env.agent.sqcr STREAM:635}
  CREATE_STREAM @180000 {NAME:seq T:Transactions SCOPE:uvm_test_top.env.agent.sqcr STREAM:637}
  CREATE_STREAM @180000 {NAME:seq T:Transactions SCOPE:uvm_test_top.env.agent.sqcr STREAM:637}
  CREATE_STREAM @180000 {NAME:seq T:Transactions SCOPE:uvm_test_top.env.agent.sqcr STREAM:637}
  CREATE_STREAM @180000 {NAME:seq T:Transactions SCOPE:uvm_test_top.env.agent.sqcr STREAM:637}
  CREATE_STREAM @180000 {NAME:seq T:Transactions SCOPE:uvm_test_top.env.agent.sqcr STREAM:637}
  CREATE_STREAM @180000 {NAME:seq T:Transactions SCOPE:uvm_test_top.env.agent.sqcr STREAM:637}
  CREATE_STREAM @180000 {NAME:seq2 T:Transactions SCOPE:uvm_test_top.env.agent.sqcr STREAM:637}
  CREATE_STREAM @180000 {NAME:init_seq T:Transactions SCOPE:uvm_test_top.env.agent.sqcr STREAM:650}
  CREATE_STREAM @180000 {NAME:seq2 T:Transactions SCOPE:uvm_test_top.env.agent.sqcr STREAM:637}
  CREATE_STREAM @180000 {NAME:init_seq T:Transactions SCOPE:uvm_test_top.env.agent.sqcr STREAM:650}
  CREATE_STREAM @180000 {NAME:seq2 T:Transactions SCOPE:uvm_test_top.env.agent.sqcr STREAM:637}
  CREATE_STREAM @180000 {NAME:init_seq T:Transactions SCOPE:uvm_test_top.env.agent.sqcr STREAM:650}
  CREATE_STREAM @180000 {NAME:seq2 T:Transactions SCOPE:uvm_test_top.env.agent.sqcr STREAM:637}
  CREATE_STREAM @180000 {NAME:init_seq T:Transactions SCOPE:uvm_test_top.env.agent.sqcr STREAM:650}
  CREATE_STREAM @180000 {NAME:seq2 T:Transactions SCOPE:uvm_test_top.env.agent.sqcr STREAM:637}
  CREATE_STREAM @180000 {NAME:init_seq T:Transactions SCOPE:uvm_test_top.env.agent.sqcr STREAM:650}
  CREATE_STREAM @180 {NAME:seq2 T:Transactions SCOPE:uvm_test_top.env.agent.sqcr STREAM:635}
  CREATE_STREAM @180 {NAME:init_seq T:Transactions SCOPE:uvm_test_top.env.agent.sqcr STREAM:648}
  CREATE_STREAM @180000 {NAME:seq2 T:Transactions SCOPE:uvm_test_top.env.agent.sqcr STREAM:637}
  CREATE_STREAM @180000 {NAME:init_seq T:Transactions SCOPE:uvm_test_top.env.agent.sqcr STREAM:650}
  CREATE_STREAM @180000 {NAME:seq2 T:Transactions SCOPE:uvm_test_top.env.agent.sqcr STREAM:637}
  CREATE_STREAM @180000 {NAME:init_seq T:Transactions SCOPE:uvm_test_top.env.agent.sqcr STREAM:650}
  CREATE_STREAM @420000 {NAME:cmd_seq T:Transactions SCOPE:uvm_test_top.env.agent.sqcr STREAM:827}
  CREATE_STREAM @180000 {NAME:seq2 T:Transactions SCOPE:uvm_test_top.env.agent.sqcr STREAM:637}
  CREATE_STREAM @180000 {NAME:init_seq T:Transactions SCOPE:uvm_test_top.env.agent.sqcr STREAM:650}
  CREATE_STREAM @420000 {NAME:cmd_seq T:Transactions SCOPE:uvm_test_top.env.agent.sqcr STREAM:827}
  CREATE_STREAM @180000 {NAME:seq2 T:Transactions SCOPE:uvm_test_top.env.agent.sqcr STREAM:637}
  CREATE_STREAM @180000 {NAME:init_seq T:Transactions SCOPE:uvm_test_top.env.agent.sqcr STREAM:650}
  CREATE_STREAM @420000 {NAME:cmd_seq T:Transactions SCOPE:uvm_test_top.env.agent.sqcr STREAM:827}
  CREATE_STREAM @180000 {NAME:seq2 T:Transactions SCOPE:uvm_test_top.env.agent.sqcr STREAM:637}
  CREATE_STREAM @180000 {NAME:init_seq T:Transactions SCOPE:uvm_test_top.env.agent.sqcr STREAM:650}
  CREATE_STREAM @420000 {NAME:cmd_seq T:Transactions SCOPE:uvm_test_top.env.agent.sqcr STREAM:827}
  CREATE_STREAM @180000 {NAME:seq2 T:Transactions SCOPE:uvm_test_top.env.agent.sqcr STREAM:637}
  CREATE_STREAM @180000 {NAME:init_seq T:Transactions SCOPE:uvm_test_top.env.agent.sqcr STREAM:650}
  CREATE_STREAM @420000 {NAME:cmd_seq T:Transactions SCOPE:uvm_test_top.env.agent.sqcr STREAM:827}
  CREATE_STREAM @440000 {NAME:status_seq T:Transactions SCOPE:uvm_test_top.env.agent.sqcr STREAM:857}
  CREATE_STREAM @180000 {NAME:seq2 T:Transactions SCOPE:uvm_test_top.env.agent.sqcr STREAM:637}
  CREATE_STREAM @180000 {NAME:init_seq T:Transactions SCOPE:uvm_test_top.env.agent.sqcr STREAM:650}
  CREATE_STREAM @420000 {NAME:cmd_seq T:Transactions SCOPE:uvm_test_top.env.agent.sqcr STREAM:827}
  CREATE_STREAM @440000 {NAME:status_seq T:Transactions SCOPE:uvm_test_top.env.agent.sqcr STREAM:857}
  CREATE_STREAM @180000 {NAME:seq2 T:Transactions SCOPE:uvm_test_top.env.agent.sqcr STREAM:637}
  CREATE_STREAM @180000 {NAME:init_seq T:Transactions SCOPE:uvm_test_top.env.agent.sqcr STREAM:650}
  CREATE_STREAM @420000 {NAME:cmd_seq T:Transactions SCOPE:uvm_test_top.env.agent.sqcr STREAM:827}
  CREATE_STREAM @440000 {NAME:status_seq T:Transactions SCOPE:uvm_test_top.env.agent.sqcr STREAM:857}
  CREATE_STREAM @180000 {NAME:seq2 T:Transactions SCOPE:uvm_test_top.env.agent.sqcr STREAM:637}
  CREATE_STREAM @180000 {NAME:init_seq T:Transactions SCOPE:uvm_test_top.env.agent.sqcr STREAM:650}
  CREATE_STREAM @420000 {NAME:cmd_seq T:Transactions SCOPE:uvm_test_top.env.agent.sqcr STREAM:827}
  CREATE_STREAM @440000 {NAME:status_seq T:Transactions SCOPE:uvm_test_top.env.agent.sqcr STREAM:857}
  CREATE_STREAM @180 {NAME:seq2 T:Transactions SCOPE:uvm_test_top.env.agent.sqcr STREAM:635}
  CREATE_STREAM @180 {NAME:init_seq T:Transactions SCOPE:uvm_test_top.env.agent.sqcr STREAM:648}
  CREATE_STREAM @420 {NAME:cmd_seq T:Transactions SCOPE:uvm_test_top.env.agent.sqcr STREAM:825}
  CREATE_STREAM @440 {NAME:status_seq T:Transactions SCOPE:uvm_test_top.env.agent.sqcr STREAM:855}
  CREATE_STREAM @180000 {NAME:seq2 T:Transactions SCOPE:uvm_test_top.env.agent.sqcr STREAM:637}
  CREATE_STREAM @180000 {NAME:init_seq T:Transactions SCOPE:uvm_test_top.env.agent.sqcr STREAM:650}
  CREATE_STREAM @420000 {NAME:cmd_seq T:Transactions SCOPE:uvm_test_top.env.agent.sqcr STREAM:827}
  CREATE_STREAM @440000 {NAME:status_seq T:Transactions SCOPE:uvm_test_top.env.agent.sqcr STREAM:857}
  CREATE_STREAM @180000 {NAME:seq2 T:Transactions SCOPE:uvm_test_top.env.agent.sqcr STREAM:637}
  CREATE_STREAM @180000 {NAME:init_seq T:Transactions SCOPE:uvm_test_top.env.agent.sqcr STREAM:650}
  CREATE_STREAM @420000 {NAME:cmd_seq T:Transactions SCOPE:uvm_test_top.env.agent.sqcr STREAM:827}
  CREATE_STREAM @440000 {NAME:status_seq T:Transactions SCOPE:uvm_test_top.env.agent.sqcr STREAM:857}
  CREATE_STREAM @180 {NAME:seq2 T:Transactions SCOPE:uvm_test_top.env.agent.sqcr STREAM:635}
  CREATE_STREAM @180 {NAME:init_seq T:Transactions SCOPE:uvm_test_top.env.agent.sqcr STREAM:648}
  CREATE_STREAM @420 {NAME:cmd_seq T:Transactions SCOPE:uvm_test_top.env.agent.sqcr STREAM:825}
  CREATE_STREAM @440 {NAME:status_seq T:Transactions SCOPE:uvm_test_top.env.agent.sqcr STREAM:855}
  CREATE_STREAM @180000 {NAME:seq2 T:Transactions SCOPE:uvm_test_top.env.agent.sqcr STREAM:637}
  CREATE_STREAM @180000 {NAME:init_seq T:Transactions SCOPE:uvm_test_top.env.agent.sqcr STREAM:650}
  CREATE_STREAM @660000 {NAME:cmd_seq T:Transactions SCOPE:uvm_test_top.env.agent.sqcr STREAM:923}
  CREATE_STREAM @700000 {NAME:status_seq T:Transactions SCOPE:uvm_test_top.env.agent.sqcr STREAM:961}
  CREATE_STREAM @180000 {NAME:seq2 T:Transactions SCOPE:uvm_test_top.env.agent.sqcr STREAM:637}
  CREATE_STREAM @180000 {NAME:init_seq T:Transactions SCOPE:uvm_test_top.env.agent.sqcr STREAM:650}
  CREATE_STREAM @660000 {NAME:cmd_seq T:Transactions SCOPE:uvm_test_top.env.agent.sqcr STREAM:923}
  CREATE_STREAM @700000 {NAME:status_seq T:Transactions SCOPE:uvm_test_top.env.agent.sqcr STREAM:961}
  CREATE_STREAM @1820000 {NAME:collect_seq T:Transactions SCOPE:uvm_test_top.env.agent.sqcr STREAM:1213}
  CREATE_STREAM @180000 {NAME:seq2 T:Transactions SCOPE:uvm_test_top.env.agent.sqcr STREAM:657}
  CREATE_STREAM @180000 {NAME:init_seq T:Transactions SCOPE:uvm_test_top.env.agent.sqcr STREAM:670}
  CREATE_STREAM @660000 {NAME:cmd_seq T:Transactions SCOPE:uvm_test_top.env.agent.sqcr STREAM:967}
  CREATE_STREAM @700000 {NAME:status_seq T:Transactions SCOPE:uvm_test_top.env.agent.sqcr STREAM:1005}
  CREATE_STREAM @1820000 {NAME:collect_seq T:Transactions SCOPE:uvm_test_top.env.agent.sqcr STREAM:1257}
  CREATE_STREAM @180000 {NAME:seq2 T:Transactions SCOPE:uvm_test_top.env.agent.sqcr STREAM:657}
  CREATE_STREAM @180000 {NAME:init_seq T:Transactions SCOPE:uvm_test_top.env.agent.sqcr STREAM:670}
  CREATE_STREAM @660000 {NAME:cmd_seq T:Transactions SCOPE:uvm_test_top.env.agent.sqcr STREAM:945}
  CREATE_STREAM @700000 {NAME:status_seq T:Transactions SCOPE:uvm_test_top.env.agent.sqcr STREAM:983}
  CREATE_STREAM @1820000 {NAME:collect_seq T:Transactions SCOPE:uvm_test_top.env.agent.sqcr STREAM:1235}
  CREATE_STREAM @180000 {NAME:seq2 T:Transactions SCOPE:uvm_test_top.env.agent.sqcr STREAM:657}
  CREATE_STREAM @180000 {NAME:init_seq T:Transactions SCOPE:uvm_test_top.env.agent.sqcr STREAM:670}
  CREATE_STREAM @180000 {NAME:seq2 T:Transactions SCOPE:uvm_test_top.env.agent.sqcr STREAM:657}
  CREATE_STREAM @180000 {NAME:init_seq T:Transactions SCOPE:uvm_test_top.env.agent.sqcr STREAM:670}
  CREATE_STREAM @180000 {NAME:seq2 T:Transactions SCOPE:uvm_test_top.env.agent.sqcr STREAM:657}
  CREATE_STREAM @180000 {NAME:init_seq T:Transactions SCOPE:uvm_test_top.env.agent.sqcr STREAM:670}
  CREATE_STREAM @660000 {NAME:cmd_seq T:Transactions SCOPE:uvm_test_top.env.agent.sqcr STREAM:945}
  CREATE_STREAM @700000 {NAME:status_seq T:Transactions SCOPE:uvm_test_top.env.agent.sqcr STREAM:983}
  CREATE_STREAM @1820000 {NAME:collect_seq T:Transactions SCOPE:uvm_test_top.env.agent.sqcr STREAM:1235}
  CREATE_STREAM @180000 {NAME:seq2 T:Transactions SCOPE:uvm_test_top.env.agent.sqcr STREAM:657}
  CREATE_STREAM @180000 {NAME:init_seq T:Transactions SCOPE:uvm_test_top.env.agent.sqcr STREAM:670}
  CREATE_STREAM @660000 {NAME:cmd_seq T:Transactions SCOPE:uvm_test_top.env.agent.sqcr STREAM:945}
  CREATE_STREAM @700000 {NAME:status_seq T:Transactions SCOPE:uvm_test_top.env.agent.sqcr STREAM:983}
  CREATE_STREAM @1820000 {NAME:collect_seq T:Transactions SCOPE:uvm_test_top.env.agent.sqcr STREAM:1235}
  CREATE_STREAM @180000 {NAME:seq2 T:Transactions SCOPE:uvm_test_top.env.agent.sqcr STREAM:657}
  CREATE_STREAM @180000 {NAME:init_seq T:Transactions SCOPE:uvm_test_top.env.agent.sqcr STREAM:670}
  CREATE_STREAM @660000 {NAME:cmd_seq T:Transactions SCOPE:uvm_test_top.env.agent.sqcr STREAM:945}
  CREATE_STREAM @700000 {NAME:status_seq T:Transactions SCOPE:uvm_test_top.env.agent.sqcr STREAM:983}
  CREATE_STREAM @1820000 {NAME:collect_seq T:Transactions SCOPE:uvm_test_top.env.agent.sqcr STREAM:1235}
  CREATE_STREAM @180000 {NAME:seq2 T:Transactions SCOPE:uvm_test_top.env.agent.sqcr STREAM:657}
  CREATE_STREAM @180000 {NAME:init_seq T:Transactions SCOPE:uvm_test_top.env.agent.sqcr STREAM:670}
  CREATE_STREAM @660000 {NAME:cmd_seq T:Transactions SCOPE:uvm_test_top.env.agent.sqcr STREAM:947}
  CREATE_STREAM @700000 {NAME:status_seq T:Transactions SCOPE:uvm_test_top.env.agent.sqcr STREAM:985}
  CREATE_STREAM @1820000 {NAME:collect_seq T:Transactions SCOPE:uvm_test_top.env.agent.sqcr STREAM:1237}
  CREATE_STREAM @180000 {NAME:seq2 T:Transactions SCOPE:uvm_test_top.env.agent.sqcr STREAM:657}
  CREATE_STREAM @180000 {NAME:init_seq T:Transactions SCOPE:uvm_test_top.env.agent.sqcr STREAM:670}
  CREATE_STREAM @660000 {NAME:cmd_seq T:Transactions SCOPE:uvm_test_top.env.agent.sqcr STREAM:947}
  CREATE_STREAM @700000 {NAME:status_seq T:Transactions SCOPE:uvm_test_top.env.agent.sqcr STREAM:985}
  CREATE_STREAM @1820000 {NAME:collect_seq T:Transactions SCOPE:uvm_test_top.env.agent.sqcr STREAM:1237}
  CREATE_STREAM @180000 {NAME:seq2 T:Transactions SCOPE:uvm_test_top.env.agent.sqcr STREAM:657}
  CREATE_STREAM @180000 {NAME:init_seq T:Transactions SCOPE:uvm_test_top.env.agent.sqcr STREAM:670}
  CREATE_STREAM @420000 {NAME:cmd_seq T:Transactions SCOPE:uvm_test_top.env.agent.sqcr STREAM:851}
  CREATE_STREAM @440000 {NAME:status_seq T:Transactions SCOPE:uvm_test_top.env.agent.sqcr STREAM:881}
  CREATE_STREAM @1580000 {NAME:collect_seq T:Transactions SCOPE:uvm_test_top.env.agent.sqcr STREAM:1137}
  CREATE_STREAM @180000 {NAME:seq2 T:Transactions SCOPE:uvm_test_top.env.agent.sqcr STREAM:657}
  CREATE_STREAM @180000 {NAME:init_seq T:Transactions SCOPE:uvm_test_top.env.agent.sqcr STREAM:670}
  CREATE_STREAM @420000 {NAME:cmd_seq T:Transactions SCOPE:uvm_test_top.env.agent.sqcr STREAM:851}
  CREATE_STREAM @440000 {NAME:status_seq T:Transactions SCOPE:uvm_test_top.env.agent.sqcr STREAM:881}
  CREATE_STREAM @1600000 {NAME:collect_seq T:Transactions SCOPE:uvm_test_top.env.agent.sqcr STREAM:1141}
  CREATE_STREAM @180000 {NAME:seq2 T:Transactions SCOPE:uvm_test_top.env.agent.sqcr STREAM:657}
  CREATE_STREAM @180000 {NAME:init_seq T:Transactions SCOPE:uvm_test_top.env.agent.sqcr STREAM:670}
  CREATE_STREAM @420000 {NAME:cmd_seq T:Transactions SCOPE:uvm_test_top.env.agent.sqcr STREAM:851}
  CREATE_STREAM @440000 {NAME:status_seq T:Transactions SCOPE:uvm_test_top.env.agent.sqcr STREAM:881}
  CREATE_STREAM @1600000 {NAME:collect_seq T:Transactions SCOPE:uvm_test_top.env.agent.sqcr STREAM:1141}
  CREATE_STREAM @180000 {NAME:seq2 T:Transactions SCOPE:uvm_test_top.env.agent.sqcr STREAM:657}
  CREATE_STREAM @180000 {NAME:init_seq T:Transactions SCOPE:uvm_test_top.env.agent.sqcr STREAM:670}
  CREATE_STREAM @420000 {NAME:cmd_seq T:Transactions SCOPE:uvm_test_top.env.agent.sqcr STREAM:851}
  CREATE_STREAM @440000 {NAME:status_seq T:Transactions SCOPE:uvm_test_top.env.agent.sqcr STREAM:881}
  CREATE_STREAM @1600000 {NAME:collect_seq T:Transactions SCOPE:uvm_test_top.env.agent.sqcr STREAM:1141}
  CREATE_STREAM @180000 {NAME:seq2 T:Transactions SCOPE:uvm_test_top.env.agent.sqcr STREAM:657}
  CREATE_STREAM @180000 {NAME:init_seq T:Transactions SCOPE:uvm_test_top.env.agent.sqcr STREAM:670}
  CREATE_STREAM @420000 {NAME:cmd_seq T:Transactions SCOPE:uvm_test_top.env.agent.sqcr STREAM:851}
  CREATE_STREAM @440000 {NAME:status_seq T:Transactions SCOPE:uvm_test_top.env.agent.sqcr STREAM:881}
  CREATE_STREAM @1600000 {NAME:collect_seq T:Transactions SCOPE:uvm_test_top.env.agent.sqcr STREAM:1141}
  CREATE_STREAM @180000 {NAME:seq2 T:Transactions SCOPE:uvm_test_top.env.agent.sqcr STREAM:657}
  CREATE_STREAM @180000 {NAME:init_seq T:Transactions SCOPE:uvm_test_top.env.agent.sqcr STREAM:670}
  CREATE_STREAM @420000 {NAME:cmd_seq T:Transactions SCOPE:uvm_test_top.env.agent.sqcr STREAM:851}
  CREATE_STREAM @440000 {NAME:status_seq T:Transactions SCOPE:uvm_test_top.env.agent.sqcr STREAM:881}
  CREATE_STREAM @1600000 {NAME:collect_seq T:Transactions SCOPE:uvm_test_top.env.agent.sqcr STREAM:1141}
  CREATE_STREAM @180000 {NAME:seq2 T:Transactions SCOPE:uvm_test_top.env.agent.sqcr STREAM:657}
  CREATE_STREAM @180000 {NAME:init_seq T:Transactions SCOPE:uvm_test_top.env.agent.sqcr STREAM:670}
  CREATE_STREAM @420000 {NAME:cmd_seq T:Transactions SCOPE:uvm_test_top.env.agent.sqcr STREAM:851}
  CREATE_STREAM @440000 {NAME:status_seq T:Transactions SCOPE:uvm_test_top.env.agent.sqcr STREAM:881}
  CREATE_STREAM @1600000 {NAME:collect_seq T:Transactions SCOPE:uvm_test_top.env.agent.sqcr STREAM:1141}
  CREATE_STREAM @180000 {NAME:seq2 T:Transactions SCOPE:uvm_test_top.env.agent.sqcr STREAM:657}
  CREATE_STREAM @180000 {NAME:init_seq T:Transactions SCOPE:uvm_test_top.env.agent.sqcr STREAM:670}
  CREATE_STREAM @420000 {NAME:cmd_seq T:Transactions SCOPE:uvm_test_top.env.agent.sqcr STREAM:851}
  CREATE_STREAM @440000 {NAME:status_seq T:Transactions SCOPE:uvm_test_top.env.agent.sqcr STREAM:881}
  CREATE_STREAM @1600000 {NAME:collect_seq T:Transactions SCOPE:uvm_test_top.env.agent.sqcr STREAM:1141}
  CREATE_STREAM @180000 {NAME:seq2 T:Transactions SCOPE:uvm_test_top.env.agent.sqcr STREAM:657}
  CREATE_STREAM @180000 {NAME:init_seq T:Transactions SCOPE:uvm_test_top.env.agent.sqcr STREAM:670}
  CREATE_STREAM @420000 {NAME:cmd_seq T:Transactions SCOPE:uvm_test_top.env.agent.sqcr STREAM:851}
  CREATE_STREAM @440000 {NAME:status_seq T:Transactions SCOPE:uvm_test_top.env.agent.sqcr STREAM:881}
  CREATE_STREAM @1600000 {NAME:collect_seq T:Transactions SCOPE:uvm_test_top.env.agent.sqcr STREAM:1141}
  CREATE_STREAM @180000 {NAME:seq2 T:Transactions SCOPE:uvm_test_top.env.agent.sqcr STREAM:657}
  CREATE_STREAM @180000 {NAME:init_seq T:Transactions SCOPE:uvm_test_top.env.agent.sqcr STREAM:670}
  CREATE_STREAM @420000 {NAME:cmd_seq T:Transactions SCOPE:uvm_test_top.env.agent.sqcr STREAM:851}
  CREATE_STREAM @440000 {NAME:status_seq T:Transactions SCOPE:uvm_test_top.env.agent.sqcr STREAM:881}
  CREATE_STREAM @1600000 {NAME:collect_seq T:Transactions SCOPE:uvm_test_top.env.agent.sqcr STREAM:1141}
  CREATE_STREAM @180000 {NAME:seq2 T:Transactions SCOPE:uvm_test_top.env.agent.sqcr STREAM:657}
  CREATE_STREAM @180000 {NAME:init_seq T:Transactions SCOPE:uvm_test_top.env.agent.sqcr STREAM:670}
  CREATE_STREAM @420000 {NAME:cmd_seq T:Transactions SCOPE:uvm_test_top.env.agent.sqcr STREAM:851}
  CREATE_STREAM @440000 {NAME:status_seq T:Transactions SCOPE:uvm_test_top.env.agent.sqcr STREAM:881}
  CREATE_STREAM @1600000 {NAME:collect_seq T:Transactions SCOPE:uvm_test_top.env.agent.sqcr STREAM:1141}
  CREATE_STREAM @180000 {NAME:seq2 T:Transactions SCOPE:uvm_test_top.env.agent.sqcr STREAM:657}
  CREATE_STREAM @180000 {NAME:init_seq T:Transactions SCOPE:uvm_test_top.env.agent.sqcr STREAM:670}
  CREATE_STREAM @420000 {NAME:cmd_seq T:Transactions SCOPE:uvm_test_top.env.agent.sqcr STREAM:851}
  CREATE_STREAM @440000 {NAME:status_seq T:Transactions SCOPE:uvm_test_top.env.agent.sqcr STREAM:881}
  CREATE_STREAM @1600000 {NAME:collect_seq T:Transactions SCOPE:uvm_test_top.env.agent.sqcr STREAM:1141}
  CREATE_STREAM @180000 {NAME:seq2 T:Transactions SCOPE:uvm_test_top.env.agent.sqcr STREAM:657}
  CREATE_STREAM @180000 {NAME:init_seq T:Transactions SCOPE:uvm_test_top.env.agent.sqcr STREAM:670}
  CREATE_STREAM @420000 {NAME:cmd_seq T:Transactions SCOPE:uvm_test_top.env.agent.sqcr STREAM:851}
  CREATE_STREAM @440000 {NAME:status_seq T:Transactions SCOPE:uvm_test_top.env.agent.sqcr STREAM:881}
  CREATE_STREAM @1600000 {NAME:collect_seq T:Transactions SCOPE:uvm_test_top.env.agent.sqcr STREAM:1029}
  CREATE_STREAM @180000 {NAME:seq2 T:Transactions SCOPE:uvm_test_top.env.agent.sqcr STREAM:657}
  CREATE_STREAM @180000 {NAME:init_seq T:Transactions SCOPE:uvm_test_top.env.agent.sqcr STREAM:670}
  CREATE_STREAM @420000 {NAME:cmd_seq T:Transactions SCOPE:uvm_test_top.env.agent.sqcr STREAM:851}
  CREATE_STREAM @440000 {NAME:status_seq T:Transactions SCOPE:uvm_test_top.env.agent.sqcr STREAM:881}
  CREATE_STREAM @1600000 {NAME:collect_seq T:Transactions SCOPE:uvm_test_top.env.agent.sqcr STREAM:1029}
  CREATE_STREAM @180000 {NAME:seq2 T:Transactions SCOPE:uvm_test_top.env.agent.sqcr STREAM:657}
  CREATE_STREAM @180000 {NAME:init_seq T:Transactions SCOPE:uvm_test_top.env.agent.sqcr STREAM:670}
  CREATE_STREAM @420000 {NAME:cmd_seq T:Transactions SCOPE:uvm_test_top.env.agent.sqcr STREAM:851}
  CREATE_STREAM @440000 {NAME:status_seq T:Transactions SCOPE:uvm_test_top.env.agent.sqcr STREAM:881}
  CREATE_STREAM @1600000 {NAME:collect_seq T:Transactions SCOPE:uvm_test_top.env.agent.sqcr STREAM:1029}
  CREATE_STREAM @180000 {NAME:seq2 T:Transactions SCOPE:uvm_test_top.env.agent.sqcr STREAM:657}
  CREATE_STREAM @180000 {NAME:init_seq T:Transactions SCOPE:uvm_test_top.env.agent.sqcr STREAM:670}
  CREATE_STREAM @420000 {NAME:cmd_seq T:Transactions SCOPE:uvm_test_top.env.agent.sqcr STREAM:851}
  CREATE_STREAM @440000 {NAME:status_seq T:Transactions SCOPE:uvm_test_top.env.agent.sqcr STREAM:881}
  CREATE_STREAM @1600000 {NAME:collect_seq T:Transactions SCOPE:uvm_test_top.env.agent.sqcr STREAM:1029}
  CREATE_STREAM @180000 {NAME:seq2 T:Transactions SCOPE:uvm_test_top.env.agent.sqcr STREAM:657}
  CREATE_STREAM @180000 {NAME:init_seq T:Transactions SCOPE:uvm_test_top.env.agent.sqcr STREAM:670}
  CREATE_STREAM @420000 {NAME:cmd_seq T:Transactions SCOPE:uvm_test_top.env.agent.sqcr STREAM:851}
  CREATE_STREAM @440000 {NAME:status_seq T:Transactions SCOPE:uvm_test_top.env.agent.sqcr STREAM:881}
  CREATE_STREAM @1600000 {NAME:collect_seq T:Transactions SCOPE:uvm_test_top.env.agent.sqcr STREAM:1029}
  CREATE_STREAM @180000 {NAME:seq2 T:Transactions SCOPE:uvm_test_top.env.agent.sqcr STREAM:657}
  CREATE_STREAM @180000 {NAME:init_seq T:Transactions SCOPE:uvm_test_top.env.agent.sqcr STREAM:670}
  CREATE_STREAM @420000 {NAME:cmd_seq T:Transactions SCOPE:uvm_test_top.env.agent.sqcr STREAM:851}
  CREATE_STREAM @440000 {NAME:status_seq T:Transactions SCOPE:uvm_test_top.env.agent.sqcr STREAM:881}
  CREATE_STREAM @1600000 {NAME:collect_seq T:Transactions SCOPE:uvm_test_top.env.agent.sqcr STREAM:1029}
  CREATE_STREAM @180000 {NAME:seq2 T:Transactions SCOPE:uvm_test_top.env.agent.sqcr STREAM:657}
  CREATE_STREAM @180000 {NAME:init_seq T:Transactions SCOPE:uvm_test_top.env.agent.sqcr STREAM:670}
  CREATE_STREAM @420000 {NAME:cmd_seq T:Transactions SCOPE:uvm_test_top.env.agent.sqcr STREAM:851}
  CREATE_STREAM @440000 {NAME:status_seq T:Transactions SCOPE:uvm_test_top.env.agent.sqcr STREAM:881}
  CREATE_STREAM @1600000 {NAME:collect_seq T:Transactions SCOPE:uvm_test_top.env.agent.sqcr STREAM:1029}
  CREATE_STREAM @180000 {NAME:seq2 T:Transactions SCOPE:uvm_test_top.env.agent.sqcr STREAM:657}
  CREATE_STREAM @180000 {NAME:init_seq T:Transactions SCOPE:uvm_test_top.env.agent.sqcr STREAM:670}
  CREATE_STREAM @420000 {NAME:cmd_seq T:Transactions SCOPE:uvm_test_top.env.agent.sqcr STREAM:851}
  CREATE_STREAM @440000 {NAME:status_seq T:Transactions SCOPE:uvm_test_top.env.agent.sqcr STREAM:881}
  CREATE_STREAM @1600000 {NAME:collect_seq T:Transactions SCOPE:uvm_test_top.env.agent.sqcr STREAM:1029}
  CREATE_STREAM @180000 {NAME:seq2 T:Transactions SCOPE:uvm_test_top.env.agent.sqcr STREAM:657}
  CREATE_STREAM @180000 {NAME:init_seq T:Transactions SCOPE:uvm_test_top.env.agent.sqcr STREAM:670}
  CREATE_STREAM @420000 {NAME:cmd_seq T:Transactions SCOPE:uvm_test_top.env.agent.sqcr STREAM:851}
  CREATE_STREAM @440000 {NAME:status_seq T:Transactions SCOPE:uvm_test_top.env.agent.sqcr STREAM:881}
  CREATE_STREAM @1600000 {NAME:collect_seq T:Transactions SCOPE:uvm_test_top.env.agent.sqcr STREAM:1029}
  CREATE_STREAM @180000 {NAME:seq2 T:Transactions SCOPE:uvm_test_top.env.agent.sqcr STREAM:657}
  CREATE_STREAM @180000 {NAME:init_seq T:Transactions SCOPE:uvm_test_top.env.agent.sqcr STREAM:670}
  CREATE_STREAM @420000 {NAME:cmd_seq T:Transactions SCOPE:uvm_test_top.env.agent.sqcr STREAM:851}
  CREATE_STREAM @440000 {NAME:status_seq T:Transactions SCOPE:uvm_test_top.env.agent.sqcr STREAM:881}
  CREATE_STREAM @1600000 {NAME:collect_seq T:Transactions SCOPE:uvm_test_top.env.agent.sqcr STREAM:1029}
  CREATE_STREAM @180000 {NAME:seq2 T:Transactions SCOPE:uvm_test_top.env.agent.sqcr STREAM:657}
  CREATE_STREAM @180000 {NAME:init_seq T:Transactions SCOPE:uvm_test_top.env.agent.sqcr STREAM:670}
  CREATE_STREAM @420000 {NAME:cmd_seq T:Transactions SCOPE:uvm_test_top.env.agent.sqcr STREAM:851}
  CREATE_STREAM @440000 {NAME:status_seq T:Transactions SCOPE:uvm_test_top.env.agent.sqcr STREAM:881}
  CREATE_STREAM @1600000 {NAME:collect_seq T:Transactions SCOPE:uvm_test_top.env.agent.sqcr STREAM:1029}
  CREATE_STREAM @180000 {NAME:seq2 T:Transactions SCOPE:uvm_test_top.env.agent.sqcr STREAM:657}
  CREATE_STREAM @180000 {NAME:init_seq T:Transactions SCOPE:uvm_test_top.env.agent.sqcr STREAM:670}
  CREATE_STREAM @420000 {NAME:cmd_seq T:Transactions SCOPE:uvm_test_top.env.agent.sqcr STREAM:851}
  CREATE_STREAM @440000 {NAME:status_seq T:Transactions SCOPE:uvm_test_top.env.agent.sqcr STREAM:881}
  CREATE_STREAM @1600000 {NAME:collect_seq T:Transactions SCOPE:uvm_test_top.env.agent.sqcr STREAM:1029}
  CREATE_STREAM @180000 {NAME:seq2 T:Transactions SCOPE:uvm_test_top.env.agent.sqcr STREAM:657}
  CREATE_STREAM @180000 {NAME:init_seq T:Transactions SCOPE:uvm_test_top.env.agent.sqcr STREAM:670}
  CREATE_STREAM @420000 {NAME:cmd_seq T:Transactions SCOPE:uvm_test_top.env.agent.sqcr STREAM:851}
  CREATE_STREAM @440000 {NAME:status_seq T:Transactions SCOPE:uvm_test_top.env.agent.sqcr STREAM:881}
  CREATE_STREAM @1600000 {NAME:collect_seq T:Transactions SCOPE:uvm_test_top.env.agent.sqcr STREAM:1029}
  CREATE_STREAM @180000 {NAME:seq2 T:Transactions SCOPE:uvm_test_top.env.agent.sqcr STREAM:657}
  CREATE_STREAM @180000 {NAME:init_seq T:Transactions SCOPE:uvm_test_top.env.agent.sqcr STREAM:670}
  CREATE_STREAM @420000 {NAME:cmd_seq T:Transactions SCOPE:uvm_test_top.env.agent.sqcr STREAM:851}
  CREATE_STREAM @440000 {NAME:status_seq T:Transactions SCOPE:uvm_test_top.env.agent.sqcr STREAM:881}
  CREATE_STREAM @1600000 {NAME:collect_seq T:Transactions SCOPE:uvm_test_top.env.agent.sqcr STREAM:1029}
  CREATE_STREAM @180000 {NAME:seq2 T:Transactions SCOPE:uvm_test_top.env.agent.sqcr STREAM:657}
  CREATE_STREAM @180000 {NAME:init_seq T:Transactions SCOPE:uvm_test_top.env.agent.sqcr STREAM:670}
  CREATE_STREAM @420000 {NAME:cmd_seq T:Transactions SCOPE:uvm_test_top.env.agent.sqcr STREAM:851}
  CREATE_STREAM @440000 {NAME:status_seq T:Transactions SCOPE:uvm_test_top.env.agent.sqcr STREAM:881}
  CREATE_STREAM @1600000 {NAME:collect_seq T:Transactions SCOPE:uvm_test_top.env.agent.sqcr STREAM:1029}
  CREATE_STREAM @180000 {NAME:seq2 T:Transactions SCOPE:uvm_test_top.env.agent.sqcr STREAM:657}
  CREATE_STREAM @180000 {NAME:init_seq T:Transactions SCOPE:uvm_test_top.env.agent.sqcr STREAM:670}
  CREATE_STREAM @420000 {NAME:cmd_seq T:Transactions SCOPE:uvm_test_top.env.agent.sqcr STREAM:851}
  CREATE_STREAM @440000 {NAME:status_seq T:Transactions SCOPE:uvm_test_top.env.agent.sqcr STREAM:881}
  CREATE_STREAM @1600000 {NAME:collect_seq T:Transactions SCOPE:uvm_test_top.env.agent.sqcr STREAM:1029}
  CREATE_STREAM @180000 {NAME:seq2 T:Transactions SCOPE:uvm_test_top.env.agent.sqcr STREAM:657}
  CREATE_STREAM @180000 {NAME:init_seq T:Transactions SCOPE:uvm_test_top.env.agent.sqcr STREAM:670}
  CREATE_STREAM @420000 {NAME:cmd_seq T:Transactions SCOPE:uvm_test_top.env.agent.sqcr STREAM:851}
  CREATE_STREAM @440000 {NAME:status_seq T:Transactions SCOPE:uvm_test_top.env.agent.sqcr STREAM:881}
  CREATE_STREAM @1600000 {NAME:collect_seq T:Transactions SCOPE:uvm_test_top.env.agent.sqcr STREAM:1029}
  CREATE_STREAM @180000 {NAME:seq2 T:Transactions SCOPE:uvm_test_top.env.agent.sqcr STREAM:657}
  CREATE_STREAM @180000 {NAME:init_seq T:Transactions SCOPE:uvm_test_top.env.agent.sqcr STREAM:670}
  CREATE_STREAM @420000 {NAME:cmd_seq T:Transactions SCOPE:uvm_test_top.env.agent.sqcr STREAM:851}
  CREATE_STREAM @440000 {NAME:status_seq T:Transactions SCOPE:uvm_test_top.env.agent.sqcr STREAM:881}
  CREATE_STREAM @1600000 {NAME:collect_seq T:Transactions SCOPE:uvm_test_top.env.agent.sqcr STREAM:1029}
  CREATE_STREAM @180000 {NAME:seq2 T:Transactions SCOPE:uvm_test_top.env.agent.sqcr STREAM:657}
  CREATE_STREAM @180000 {NAME:init_seq T:Transactions SCOPE:uvm_test_top.env.agent.sqcr STREAM:670}
  CREATE_STREAM @420000 {NAME:cmd_seq T:Transactions SCOPE:uvm_test_top.env.agent.sqcr STREAM:851}
  CREATE_STREAM @440000 {NAME:status_seq T:Transactions SCOPE:uvm_test_top.env.agent.sqcr STREAM:881}
  CREATE_STREAM @1600000 {NAME:collect_seq T:Transactions SCOPE:uvm_test_top.env.agent.sqcr STREAM:1029}
  CREATE_STREAM @180000 {NAME:seq2_0 T:Transactions SCOPE:uvm_test_top.env.agent.sqcr STREAM:659}
  CREATE_STREAM @180000 {NAME:init_seq T:Transactions SCOPE:uvm_test_top.env.agent.sqcr STREAM:672}
  CREATE_STREAM @420000 {NAME:cmd_seq T:Transactions SCOPE:uvm_test_top.env.agent.sqcr STREAM:853}
  CREATE_STREAM @440000 {NAME:status_seq T:Transactions SCOPE:uvm_test_top.env.agent.sqcr STREAM:883}
  CREATE_STREAM @1600000 {NAME:collect_seq T:Transactions SCOPE:uvm_test_top.env.agent.sqcr STREAM:1031}
  CREATE_STREAM @1760000 {NAME:seq2_1 T:Transactions SCOPE:uvm_test_top.env.agent.sqcr STREAM:1105}
  CREATE_STREAM @180000 {NAME:seq2_0 T:Transactions SCOPE:uvm_test_top.env.agent.sqcr STREAM:659}
  CREATE_STREAM @180000 {NAME:init_seq T:Transactions SCOPE:uvm_test_top.env.agent.sqcr STREAM:672}
  CREATE_STREAM @420000 {NAME:cmd_seq T:Transactions SCOPE:uvm_test_top.env.agent.sqcr STREAM:853}
  CREATE_STREAM @440000 {NAME:status_seq T:Transactions SCOPE:uvm_test_top.env.agent.sqcr STREAM:883}
  CREATE_STREAM @1600000 {NAME:collect_seq T:Transactions SCOPE:uvm_test_top.env.agent.sqcr STREAM:1031}
  CREATE_STREAM @1760000 {NAME:seq2_1 T:Transactions SCOPE:uvm_test_top.env.agent.sqcr STREAM:1105}
  CREATE_STREAM @180000 {NAME:seq2_0 T:Transactions SCOPE:uvm_test_top.env.agent.sqcr STREAM:659}
  CREATE_STREAM @180000 {NAME:init_seq T:Transactions SCOPE:uvm_test_top.env.agent.sqcr STREAM:672}
  CREATE_STREAM @420000 {NAME:cmd_seq T:Transactions SCOPE:uvm_test_top.env.agent.sqcr STREAM:853}
  CREATE_STREAM @440000 {NAME:status_seq T:Transactions SCOPE:uvm_test_top.env.agent.sqcr STREAM:883}
  CREATE_STREAM @1600000 {NAME:collect_seq T:Transactions SCOPE:uvm_test_top.env.agent.sqcr STREAM:1031}
  CREATE_STREAM @1760000 {NAME:seq2_1 T:Transactions SCOPE:uvm_test_top.env.agent.sqcr STREAM:1105}
  CREATE_STREAM @180000 {NAME:seq2_0 T:Transactions SCOPE:uvm_test_top.env.agent.sqcr STREAM:659}
  CREATE_STREAM @180000 {NAME:init_seq T:Transactions SCOPE:uvm_test_top.env.agent.sqcr STREAM:672}
  CREATE_STREAM @420000 {NAME:cmd_seq T:Transactions SCOPE:uvm_test_top.env.agent.sqcr STREAM:853}
  CREATE_STREAM @440000 {NAME:status_seq T:Transactions SCOPE:uvm_test_top.env.agent.sqcr STREAM:883}
  CREATE_STREAM @1600000 {NAME:collect_seq T:Transactions SCOPE:uvm_test_top.env.agent.sqcr STREAM:1031}
  CREATE_STREAM @1760000 {NAME:intermediate_seq T:Transactions SCOPE:uvm_test_top.env.agent.sqcr STREAM:1099}
  CREATE_STREAM @1780000 {NAME:seq2_1 T:Transactions SCOPE:uvm_test_top.env.agent.sqcr STREAM:1141}
  CREATE_STREAM @180000 {NAME:seq2_0 T:Transactions SCOPE:uvm_test_top.env.agent.sqcr STREAM:659}
  CREATE_STREAM @180000 {NAME:init_seq T:Transactions SCOPE:uvm_test_top.env.agent.sqcr STREAM:672}
  CREATE_STREAM @420000 {NAME:cmd_seq T:Transactions SCOPE:uvm_test_top.env.agent.sqcr STREAM:853}
  CREATE_STREAM @440000 {NAME:status_seq T:Transactions SCOPE:uvm_test_top.env.agent.sqcr STREAM:883}
  CREATE_STREAM @1600000 {NAME:collect_seq T:Transactions SCOPE:uvm_test_top.env.agent.sqcr STREAM:1031}
  CREATE_STREAM @1760000 {NAME:intermediate_seq T:Transactions SCOPE:uvm_test_top.env.agent.sqcr STREAM:1099}
  CREATE_STREAM @1780000 {NAME:seq2_1 T:Transactions SCOPE:uvm_test_top.env.agent.sqcr STREAM:1141}
  CREATE_STREAM @180000 {NAME:seq2_0 T:Transactions SCOPE:uvm_test_top.env.agent.sqcr STREAM:659}
  CREATE_STREAM @180000 {NAME:init_seq T:Transactions SCOPE:uvm_test_top.env.agent.sqcr STREAM:672}
  CREATE_STREAM @420000 {NAME:cmd_seq T:Transactions SCOPE:uvm_test_top.env.agent.sqcr STREAM:853}
  CREATE_STREAM @440000 {NAME:status_seq T:Transactions SCOPE:uvm_test_top.env.agent.sqcr STREAM:883}
  CREATE_STREAM @1600000 {NAME:collect_seq T:Transactions SCOPE:uvm_test_top.env.agent.sqcr STREAM:1031}
  CREATE_STREAM @1760000 {NAME:intermediate_seq T:Transactions SCOPE:uvm_test_top.env.agent.sqcr STREAM:1099}
  CREATE_STREAM @1780000 {NAME:seq2_1 T:Transactions SCOPE:uvm_test_top.env.agent.sqcr STREAM:1141}
  CREATE_STREAM @180000 {NAME:seq2_0 T:Transactions SCOPE:uvm_test_top.env.agent.sqcr STREAM:659}
  CREATE_STREAM @180000 {NAME:init_seq T:Transactions SCOPE:uvm_test_top.env.agent.sqcr STREAM:672}
  CREATE_STREAM @420000 {NAME:cmd_seq T:Transactions SCOPE:uvm_test_top.env.agent.sqcr STREAM:853}
  CREATE_STREAM @440000 {NAME:status_seq T:Transactions SCOPE:uvm_test_top.env.agent.sqcr STREAM:883}
  CREATE_STREAM @1600000 {NAME:collect_seq T:Transactions SCOPE:uvm_test_top.env.agent.sqcr STREAM:1031}
  CREATE_STREAM @1760000 {NAME:intermediate_seq T:Transactions SCOPE:uvm_test_top.env.agent.sqcr STREAM:1099}
  CREATE_STREAM @1780000 {NAME:seq2_1 T:Transactions SCOPE:uvm_test_top.env.agent.sqcr STREAM:1141}
  CREATE_STREAM @180000 {NAME:seq2_0 T:Transactions SCOPE:uvm_test_top.env.agent.sqcr STREAM:659}
  CREATE_STREAM @180000 {NAME:init_seq T:Transactions SCOPE:uvm_test_top.env.agent.sqcr STREAM:672}
  CREATE_STREAM @420000 {NAME:cmd_seq T:Transactions SCOPE:uvm_test_top.env.agent.sqcr STREAM:853}
  CREATE_STREAM @440000 {NAME:status_seq T:Transactions SCOPE:uvm_test_top.env.agent.sqcr STREAM:883}
  CREATE_STREAM @1600000 {NAME:collect_seq T:Transactions SCOPE:uvm_test_top.env.agent.sqcr STREAM:1031}
  CREATE_STREAM @1760000 {NAME:intermediate_seq T:Transactions SCOPE:uvm_test_top.env.agent.sqcr STREAM:1099}
  CREATE_STREAM @1780000 {NAME:seq2_1 T:Transactions SCOPE:uvm_test_top.env.agent.sqcr STREAM:1141}
  CREATE_STREAM @180 {NAME:seq2_0 T:Transactions SCOPE:uvm_test_top.env.agent.sqcr STREAM:657}
  CREATE_STREAM @180 {NAME:init_seq T:Transactions SCOPE:uvm_test_top.env.agent.sqcr STREAM:670}
  CREATE_STREAM @420 {NAME:cmd_seq T:Transactions SCOPE:uvm_test_top.env.agent.sqcr STREAM:851}
  CREATE_STREAM @440 {NAME:status_seq T:Transactions SCOPE:uvm_test_top.env.agent.sqcr STREAM:881}
  CREATE_STREAM @1600 {NAME:collect_seq T:Transactions SCOPE:uvm_test_top.env.agent.sqcr STREAM:1029}
  CREATE_STREAM @1760 {NAME:intermediate_seq T:Transactions SCOPE:uvm_test_top.env.agent.sqcr STREAM:1097}
  CREATE_STREAM @1780 {NAME:seq2_1 T:Transactions SCOPE:uvm_test_top.env.agent.sqcr STREAM:1139}
  CREATE_STREAM @180000 {NAME:seq2_0 T:Transactions SCOPE:uvm_test_top.env.agent.sqcr STREAM:659}
  CREATE_STREAM @180000 {NAME:init_seq T:Transactions SCOPE:uvm_test_top.env.agent.sqcr STREAM:672}
  CREATE_STREAM @420000 {NAME:cmd_seq T:Transactions SCOPE:uvm_test_top.env.agent.sqcr STREAM:853}
  CREATE_STREAM @440000 {NAME:status_seq T:Transactions SCOPE:uvm_test_top.env.agent.sqcr STREAM:883}
  CREATE_STREAM @1600000 {NAME:collect_seq T:Transactions SCOPE:uvm_test_top.env.agent.sqcr STREAM:1031}
  CREATE_STREAM @1760000 {NAME:intermediate_seq T:Transactions SCOPE:uvm_test_top.env.agent.sqcr STREAM:1099}
  CREATE_STREAM @1780000 {NAME:seq2_1 T:Transactions SCOPE:uvm_test_top.env.agent.sqcr STREAM:1141}
  CREATE_STREAM @180 {NAME:seq2_0 T:Transactions SCOPE:uvm_test_top.env.agent.sqcr STREAM:657}
  CREATE_STREAM @180 {NAME:init_seq T:Transactions SCOPE:uvm_test_top.env.agent.sqcr STREAM:670}
  CREATE_STREAM @420 {NAME:cmd_seq T:Transactions SCOPE:uvm_test_top.env.agent.sqcr STREAM:851}
  CREATE_STREAM @440 {NAME:status_seq T:Transactions SCOPE:uvm_test_top.env.agent.sqcr STREAM:881}
  CREATE_STREAM @1600 {NAME:collect_seq T:Transactions SCOPE:uvm_test_top.env.agent.sqcr STREAM:1029}
  CREATE_STREAM @1760 {NAME:intermediate_seq T:Transactions SCOPE:uvm_test_top.env.agent.sqcr STREAM:1097}
  CREATE_STREAM @1780 {NAME:seq2_1 T:Transactions SCOPE:uvm_test_top.env.agent.sqcr STREAM:1139}
  CREATE_STREAM @180000 {NAME:seq2_0 T:Transactions SCOPE:uvm_test_top.env.agent.sqcr STREAM:659}
  CREATE_STREAM @180000 {NAME:init_seq T:Transactions SCOPE:uvm_test_top.env.agent.sqcr STREAM:672}
  CREATE_STREAM @420000 {NAME:cmd_seq T:Transactions SCOPE:uvm_test_top.env.agent.sqcr STREAM:853}
  CREATE_STREAM @440000 {NAME:status_seq T:Transactions SCOPE:uvm_test_top.env.agent.sqcr STREAM:883}
  CREATE_STREAM @1600000 {NAME:collect_seq T:Transactions SCOPE:uvm_test_top.env.agent.sqcr STREAM:1031}
  CREATE_STREAM @1760000 {NAME:intermediate_seq T:Transactions SCOPE:uvm_test_top.env.agent.sqcr STREAM:1099}
  CREATE_STREAM @1780000 {NAME:seq2_1 T:Transactions SCOPE:uvm_test_top.env.agent.sqcr STREAM:1141}
  CREATE_STREAM @180 {NAME:seq2_0 T:Transactions SCOPE:uvm_test_top.env.agent.sqcr STREAM:657}
  CREATE_STREAM @180 {NAME:init_seq T:Transactions SCOPE:uvm_test_top.env.agent.sqcr STREAM:670}
  CREATE_STREAM @420 {NAME:cmd_seq T:Transactions SCOPE:uvm_test_top.env.agent.sqcr STREAM:851}
  CREATE_STREAM @440 {NAME:status_seq T:Transactions SCOPE:uvm_test_top.env.agent.sqcr STREAM:881}
  CREATE_STREAM @1600 {NAME:collect_seq T:Transactions SCOPE:uvm_test_top.env.agent.sqcr STREAM:1029}
  CREATE_STREAM @1760 {NAME:intermediate_seq T:Transactions SCOPE:uvm_test_top.env.agent.sqcr STREAM:1097}
  CREATE_STREAM @1780 {NAME:seq2_1 T:Transactions SCOPE:uvm_test_top.env.agent.sqcr STREAM:1139}
  CREATE_STREAM @180000 {NAME:seq2_0 T:Transactions SCOPE:uvm_test_top.env.agent.sqcr STREAM:659}
  CREATE_STREAM @180000 {NAME:init_seq T:Transactions SCOPE:uvm_test_top.env.agent.sqcr STREAM:672}
  CREATE_STREAM @420000 {NAME:cmd_seq T:Transactions SCOPE:uvm_test_top.env.agent.sqcr STREAM:853}
  CREATE_STREAM @440000 {NAME:status_seq T:Transactions SCOPE:uvm_test_top.env.agent.sqcr STREAM:883}
  CREATE_STREAM @1600000 {NAME:collect_seq T:Transactions SCOPE:uvm_test_top.env.agent.sqcr STREAM:1031}
  CREATE_STREAM @1760000 {NAME:intermediate_seq T:Transactions SCOPE:uvm_test_top.env.agent.sqcr STREAM:1099}
  CREATE_STREAM @1780000 {NAME:seq2_1 T:Transactions SCOPE:uvm_test_top.env.agent.sqcr STREAM:1141}
  CREATE_STREAM @180 {NAME:seq2_0 T:Transactions SCOPE:uvm_test_top.env.agent.sqcr STREAM:657}
  CREATE_STREAM @180 {NAME:init_seq T:Transactions SCOPE:uvm_test_top.env.agent.sqcr STREAM:670}
  CREATE_STREAM @420 {NAME:cmd_seq T:Transactions SCOPE:uvm_test_top.env.agent.sqcr STREAM:851}
  CREATE_STREAM @440 {NAME:status_seq T:Transactions SCOPE:uvm_test_top.env.agent.sqcr STREAM:881}
  CREATE_STREAM @1600 {NAME:collect_seq T:Transactions SCOPE:uvm_test_top.env.agent.sqcr STREAM:1029}
  CREATE_STREAM @1760 {NAME:intermediate_seq T:Transactions SCOPE:uvm_test_top.env.agent.sqcr STREAM:1097}
  CREATE_STREAM @1780 {NAME:seq2_1 T:Transactions SCOPE:uvm_test_top.env.agent.sqcr STREAM:1139}
